2020-04-11 01:08 +08:00: ReferenceError: window is not defined
2020-04-11 01:08 +08:00:     at getQueryVariable (/Users/caowei/Documents/Q/Projects/neptune_mp_activity_h5/src/utils/request.js:7:17)
2020-04-11 01:08 +08:00:     at Object.<anonymous> (/Users/caowei/Documents/Q/Projects/neptune_mp_activity_h5/src/utils/request.js:16:13)
2020-04-11 01:08 +08:00:     at Module._compile (internal/modules/cjs/loader.js:1158:30)
2020-04-11 01:08 +08:00:     at loader (/Users/caowei/Documents/Q/Projects/neptune_mp_activity_h5/node_modules/babel-register/lib/node.js:144:5)
2020-04-11 01:08 +08:00:     at Object.require.extensions.<computed> [as .js] (/Users/caowei/Documents/Q/Projects/neptune_mp_activity_h5/node_modules/babel-register/lib/node.js:154:7)
2020-04-11 01:08 +08:00:     at Module.load (internal/modules/cjs/loader.js:1002:32)
2020-04-11 01:08 +08:00:     at Function.Module._load (internal/modules/cjs/loader.js:901:14)
2020-04-11 01:08 +08:00:     at Module.require (internal/modules/cjs/loader.js:1044:19)
2020-04-11 01:08 +08:00:     at Module.Hook._require.Module.require (/Users/caowei/Documents/Q/Projects/neptune_mp_activity_h5/node_modules/require-in-the-middle/index.js:80:39)
2020-04-11 01:08 +08:00:     at require (internal/modules/cjs/helpers.js:77:18)
2020-04-11 01:08 +08:00: ReferenceError: window is not defined
2020-04-11 01:08 +08:00:     at getQueryVariable (/Users/caowei/Documents/Q/Projects/neptune_mp_activity_h5/src/utils/request.js:7:17)
2020-04-11 01:08 +08:00:     at Object.<anonymous> (/Users/caowei/Documents/Q/Projects/neptune_mp_activity_h5/src/utils/request.js:16:13)
2020-04-11 01:08 +08:00:     at Module._compile (internal/modules/cjs/loader.js:1158:30)
2020-04-11 01:08 +08:00:     at loader (/Users/caowei/Documents/Q/Projects/neptune_mp_activity_h5/node_modules/babel-register/lib/node.js:144:5)
2020-04-11 01:08 +08:00:     at Object.require.extensions.<computed> [as .js] (/Users/caowei/Documents/Q/Projects/neptune_mp_activity_h5/node_modules/babel-register/lib/node.js:154:7)
2020-04-11 01:08 +08:00:     at Module.load (internal/modules/cjs/loader.js:1002:32)
2020-04-11 01:08 +08:00:     at Function.Module._load (internal/modules/cjs/loader.js:901:14)
2020-04-11 01:08 +08:00:     at Module.require (internal/modules/cjs/loader.js:1044:19)
2020-04-11 01:08 +08:00:     at Module.Hook._require.Module.require (/Users/caowei/Documents/Q/Projects/neptune_mp_activity_h5/node_modules/require-in-the-middle/index.js:80:39)
2020-04-11 01:08 +08:00:     at require (internal/modules/cjs/helpers.js:77:18)
2020-04-11 01:08 +08:00: ReferenceError: window is not defined
2020-04-11 01:08 +08:00:     at getQueryVariable (/Users/caowei/Documents/Q/Projects/neptune_mp_activity_h5/src/utils/request.js:7:17)
2020-04-11 01:08 +08:00:     at Object.<anonymous> (/Users/caowei/Documents/Q/Projects/neptune_mp_activity_h5/src/utils/request.js:16:13)
2020-04-11 01:08 +08:00:     at Module._compile (internal/modules/cjs/loader.js:1158:30)
2020-04-11 01:08 +08:00:     at loader (/Users/caowei/Documents/Q/Projects/neptune_mp_activity_h5/node_modules/babel-register/lib/node.js:144:5)
2020-04-11 01:08 +08:00:     at Object.require.extensions.<computed> [as .js] (/Users/caowei/Documents/Q/Projects/neptune_mp_activity_h5/node_modules/babel-register/lib/node.js:154:7)
2020-04-11 01:08 +08:00:     at Module.load (internal/modules/cjs/loader.js:1002:32)
2020-04-11 01:08 +08:00:     at Function.Module._load (internal/modules/cjs/loader.js:901:14)
2020-04-11 01:08 +08:00:     at Module.require (internal/modules/cjs/loader.js:1044:19)
2020-04-11 01:08 +08:00:     at Module.Hook._require.Module.require (/Users/caowei/Documents/Q/Projects/neptune_mp_activity_h5/node_modules/require-in-the-middle/index.js:80:39)
2020-04-11 01:08 +08:00:     at require (internal/modules/cjs/helpers.js:77:18)
2020-04-11 01:08 +08:00: ReferenceError: window is not defined
2020-04-11 01:08 +08:00:     at getQueryVariable (/Users/caowei/Documents/Q/Projects/neptune_mp_activity_h5/src/utils/request.js:7:17)
2020-04-11 01:08 +08:00:     at Object.<anonymous> (/Users/caowei/Documents/Q/Projects/neptune_mp_activity_h5/src/utils/request.js:16:13)
2020-04-11 01:08 +08:00:     at Module._compile (internal/modules/cjs/loader.js:1158:30)
2020-04-11 01:08 +08:00:     at loader (/Users/caowei/Documents/Q/Projects/neptune_mp_activity_h5/node_modules/babel-register/lib/node.js:144:5)
2020-04-11 01:08 +08:00:     at Object.require.extensions.<computed> [as .js] (/Users/caowei/Documents/Q/Projects/neptune_mp_activity_h5/node_modules/babel-register/lib/node.js:154:7)
2020-04-11 01:08 +08:00:     at Module.load (internal/modules/cjs/loader.js:1002:32)
2020-04-11 01:08 +08:00:     at Function.Module._load (internal/modules/cjs/loader.js:901:14)
2020-04-11 01:08 +08:00:     at Module.require (internal/modules/cjs/loader.js:1044:19)
2020-04-11 01:08 +08:00:     at Module.Hook._require.Module.require (/Users/caowei/Documents/Q/Projects/neptune_mp_activity_h5/node_modules/require-in-the-middle/index.js:80:39)
2020-04-11 01:08 +08:00:     at require (internal/modules/cjs/helpers.js:77:18)
2020-04-11 01:08 +08:00: ReferenceError: window is not defined
2020-04-11 01:08 +08:00:     at getQueryVariable (/Users/caowei/Documents/Q/Projects/neptune_mp_activity_h5/src/utils/request.js:7:17)
2020-04-11 01:08 +08:00:     at Object.<anonymous> (/Users/caowei/Documents/Q/Projects/neptune_mp_activity_h5/src/utils/request.js:16:13)
2020-04-11 01:08 +08:00:     at Module._compile (internal/modules/cjs/loader.js:1158:30)
2020-04-11 01:08 +08:00:     at loader (/Users/caowei/Documents/Q/Projects/neptune_mp_activity_h5/node_modules/babel-register/lib/node.js:144:5)
2020-04-11 01:08 +08:00:     at Object.require.extensions.<computed> [as .js] (/Users/caowei/Documents/Q/Projects/neptune_mp_activity_h5/node_modules/babel-register/lib/node.js:154:7)
2020-04-11 01:08 +08:00:     at Module.load (internal/modules/cjs/loader.js:1002:32)
2020-04-11 01:08 +08:00:     at Function.Module._load (internal/modules/cjs/loader.js:901:14)
2020-04-11 01:08 +08:00:     at Module.require (internal/modules/cjs/loader.js:1044:19)
2020-04-11 01:08 +08:00:     at Module.Hook._require.Module.require (/Users/caowei/Documents/Q/Projects/neptune_mp_activity_h5/node_modules/require-in-the-middle/index.js:80:39)
2020-04-11 01:08 +08:00:     at require (internal/modules/cjs/helpers.js:77:18)
2020-04-11 01:08 +08:00: ReferenceError: window is not defined
2020-04-11 01:08 +08:00:     at getQueryVariable (/Users/caowei/Documents/Q/Projects/neptune_mp_activity_h5/src/utils/request.js:7:17)
2020-04-11 01:08 +08:00:     at Object.<anonymous> (/Users/caowei/Documents/Q/Projects/neptune_mp_activity_h5/src/utils/request.js:16:13)
2020-04-11 01:08 +08:00:     at Module._compile (internal/modules/cjs/loader.js:1158:30)
2020-04-11 01:08 +08:00:     at loader (/Users/caowei/Documents/Q/Projects/neptune_mp_activity_h5/node_modules/babel-register/lib/node.js:144:5)
2020-04-11 01:08 +08:00:     at Object.require.extensions.<computed> [as .js] (/Users/caowei/Documents/Q/Projects/neptune_mp_activity_h5/node_modules/babel-register/lib/node.js:154:7)
2020-04-11 01:08 +08:00:     at Module.load (internal/modules/cjs/loader.js:1002:32)
2020-04-11 01:08 +08:00:     at Function.Module._load (internal/modules/cjs/loader.js:901:14)
2020-04-11 01:08 +08:00:     at Module.require (internal/modules/cjs/loader.js:1044:19)
2020-04-11 01:08 +08:00:     at Module.Hook._require.Module.require (/Users/caowei/Documents/Q/Projects/neptune_mp_activity_h5/node_modules/require-in-the-middle/index.js:80:39)
2020-04-11 01:08 +08:00:     at require (internal/modules/cjs/helpers.js:77:18)
2020-04-11 01:08 +08:00: ReferenceError: window is not defined
2020-04-11 01:08 +08:00:     at getQueryVariable (/Users/caowei/Documents/Q/Projects/neptune_mp_activity_h5/src/utils/request.js:7:17)
2020-04-11 01:08 +08:00:     at Object.<anonymous> (/Users/caowei/Documents/Q/Projects/neptune_mp_activity_h5/src/utils/request.js:16:13)
2020-04-11 01:08 +08:00:     at Module._compile (internal/modules/cjs/loader.js:1158:30)
2020-04-11 01:08 +08:00:     at loader (/Users/caowei/Documents/Q/Projects/neptune_mp_activity_h5/node_modules/babel-register/lib/node.js:144:5)
2020-04-11 01:08 +08:00:     at Object.require.extensions.<computed> [as .js] (/Users/caowei/Documents/Q/Projects/neptune_mp_activity_h5/node_modules/babel-register/lib/node.js:154:7)
2020-04-11 01:08 +08:00:     at Module.load (internal/modules/cjs/loader.js:1002:32)
2020-04-11 01:08 +08:00:     at Function.Module._load (internal/modules/cjs/loader.js:901:14)
2020-04-11 01:08 +08:00:     at Module.require (internal/modules/cjs/loader.js:1044:19)
2020-04-11 01:08 +08:00:     at Module.Hook._require.Module.require (/Users/caowei/Documents/Q/Projects/neptune_mp_activity_h5/node_modules/require-in-the-middle/index.js:80:39)
2020-04-11 01:08 +08:00:     at require (internal/modules/cjs/helpers.js:77:18)
2020-04-11 01:08 +08:00: ReferenceError: window is not defined
2020-04-11 01:08 +08:00:     at getQueryVariable (/Users/caowei/Documents/Q/Projects/neptune_mp_activity_h5/src/utils/request.js:7:17)
2020-04-11 01:08 +08:00:     at Object.<anonymous> (/Users/caowei/Documents/Q/Projects/neptune_mp_activity_h5/src/utils/request.js:16:13)
2020-04-11 01:08 +08:00:     at Module._compile (internal/modules/cjs/loader.js:1158:30)
2020-04-11 01:08 +08:00:     at loader (/Users/caowei/Documents/Q/Projects/neptune_mp_activity_h5/node_modules/babel-register/lib/node.js:144:5)
2020-04-11 01:08 +08:00:     at Object.require.extensions.<computed> [as .js] (/Users/caowei/Documents/Q/Projects/neptune_mp_activity_h5/node_modules/babel-register/lib/node.js:154:7)
2020-04-11 01:08 +08:00:     at Module.load (internal/modules/cjs/loader.js:1002:32)
2020-04-11 01:08 +08:00:     at Function.Module._load (internal/modules/cjs/loader.js:901:14)
2020-04-11 01:08 +08:00:     at Module.require (internal/modules/cjs/loader.js:1044:19)
2020-04-11 01:08 +08:00:     at Module.Hook._require.Module.require (/Users/caowei/Documents/Q/Projects/neptune_mp_activity_h5/node_modules/require-in-the-middle/index.js:80:39)
2020-04-11 01:08 +08:00:     at require (internal/modules/cjs/helpers.js:77:18)
2020-04-11 01:08 +08:00: ReferenceError: window is not defined
2020-04-11 01:08 +08:00:     at getQueryVariable (/Users/caowei/Documents/Q/Projects/neptune_mp_activity_h5/src/utils/request.js:7:17)
2020-04-11 01:08 +08:00:     at Object.<anonymous> (/Users/caowei/Documents/Q/Projects/neptune_mp_activity_h5/src/utils/request.js:16:13)
2020-04-11 01:08 +08:00:     at Module._compile (internal/modules/cjs/loader.js:1158:30)
2020-04-11 01:08 +08:00:     at loader (/Users/caowei/Documents/Q/Projects/neptune_mp_activity_h5/node_modules/babel-register/lib/node.js:144:5)
2020-04-11 01:08 +08:00:     at Object.require.extensions.<computed> [as .js] (/Users/caowei/Documents/Q/Projects/neptune_mp_activity_h5/node_modules/babel-register/lib/node.js:154:7)
2020-04-11 01:08 +08:00:     at Module.load (internal/modules/cjs/loader.js:1002:32)
2020-04-11 01:08 +08:00:     at Function.Module._load (internal/modules/cjs/loader.js:901:14)
2020-04-11 01:08 +08:00:     at Module.require (internal/modules/cjs/loader.js:1044:19)
2020-04-11 01:08 +08:00:     at Module.Hook._require.Module.require (/Users/caowei/Documents/Q/Projects/neptune_mp_activity_h5/node_modules/require-in-the-middle/index.js:80:39)
2020-04-11 01:08 +08:00:     at require (internal/modules/cjs/helpers.js:77:18)
2020-04-11 01:08 +08:00: ReferenceError: window is not defined
2020-04-11 01:08 +08:00:     at getQueryVariable (/Users/caowei/Documents/Q/Projects/neptune_mp_activity_h5/src/utils/request.js:7:17)
2020-04-11 01:08 +08:00:     at Object.<anonymous> (/Users/caowei/Documents/Q/Projects/neptune_mp_activity_h5/src/utils/request.js:16:13)
2020-04-11 01:08 +08:00:     at Module._compile (internal/modules/cjs/loader.js:1158:30)
2020-04-11 01:08 +08:00:     at loader (/Users/caowei/Documents/Q/Projects/neptune_mp_activity_h5/node_modules/babel-register/lib/node.js:144:5)
2020-04-11 01:08 +08:00:     at Object.require.extensions.<computed> [as .js] (/Users/caowei/Documents/Q/Projects/neptune_mp_activity_h5/node_modules/babel-register/lib/node.js:154:7)
2020-04-11 01:08 +08:00:     at Module.load (internal/modules/cjs/loader.js:1002:32)
2020-04-11 01:08 +08:00:     at Function.Module._load (internal/modules/cjs/loader.js:901:14)
2020-04-11 01:08 +08:00:     at Module.require (internal/modules/cjs/loader.js:1044:19)
2020-04-11 01:08 +08:00:     at Module.Hook._require.Module.require (/Users/caowei/Documents/Q/Projects/neptune_mp_activity_h5/node_modules/require-in-the-middle/index.js:80:39)
2020-04-11 01:08 +08:00:     at require (internal/modules/cjs/helpers.js:77:18)
2020-04-11 01:08 +08:00: ReferenceError: window is not defined
2020-04-11 01:08 +08:00:     at getQueryVariable (/Users/caowei/Documents/Q/Projects/neptune_mp_activity_h5/src/utils/request.js:7:17)
2020-04-11 01:08 +08:00:     at Object.<anonymous> (/Users/caowei/Documents/Q/Projects/neptune_mp_activity_h5/src/utils/request.js:16:13)
2020-04-11 01:08 +08:00:     at Module._compile (internal/modules/cjs/loader.js:1158:30)
2020-04-11 01:08 +08:00:     at loader (/Users/caowei/Documents/Q/Projects/neptune_mp_activity_h5/node_modules/babel-register/lib/node.js:144:5)
2020-04-11 01:08 +08:00:     at Object.require.extensions.<computed> [as .js] (/Users/caowei/Documents/Q/Projects/neptune_mp_activity_h5/node_modules/babel-register/lib/node.js:154:7)
2020-04-11 01:08 +08:00:     at Module.load (internal/modules/cjs/loader.js:1002:32)
2020-04-11 01:08 +08:00:     at Function.Module._load (internal/modules/cjs/loader.js:901:14)
2020-04-11 01:08 +08:00:     at Module.require (internal/modules/cjs/loader.js:1044:19)
2020-04-11 01:08 +08:00:     at Module.Hook._require.Module.require (/Users/caowei/Documents/Q/Projects/neptune_mp_activity_h5/node_modules/require-in-the-middle/index.js:80:39)
2020-04-11 01:08 +08:00:     at require (internal/modules/cjs/helpers.js:77:18)
2020-04-11 01:08 +08:00: ReferenceError: window is not defined
2020-04-11 01:08 +08:00:     at getQueryVariable (/Users/caowei/Documents/Q/Projects/neptune_mp_activity_h5/src/utils/request.js:7:17)
2020-04-11 01:08 +08:00:     at Object.<anonymous> (/Users/caowei/Documents/Q/Projects/neptune_mp_activity_h5/src/utils/request.js:16:13)
2020-04-11 01:08 +08:00:     at Module._compile (internal/modules/cjs/loader.js:1158:30)
2020-04-11 01:08 +08:00:     at loader (/Users/caowei/Documents/Q/Projects/neptune_mp_activity_h5/node_modules/babel-register/lib/node.js:144:5)
2020-04-11 01:08 +08:00:     at Object.require.extensions.<computed> [as .js] (/Users/caowei/Documents/Q/Projects/neptune_mp_activity_h5/node_modules/babel-register/lib/node.js:154:7)
2020-04-11 01:08 +08:00:     at Module.load (internal/modules/cjs/loader.js:1002:32)
2020-04-11 01:08 +08:00:     at Function.Module._load (internal/modules/cjs/loader.js:901:14)
2020-04-11 01:08 +08:00:     at Module.require (internal/modules/cjs/loader.js:1044:19)
2020-04-11 01:08 +08:00:     at Module.Hook._require.Module.require (/Users/caowei/Documents/Q/Projects/neptune_mp_activity_h5/node_modules/require-in-the-middle/index.js:80:39)
2020-04-11 01:08 +08:00:     at require (internal/modules/cjs/helpers.js:77:18)
2020-04-11 01:08 +08:00: ReferenceError: window is not defined
2020-04-11 01:08 +08:00:     at getQueryVariable (/Users/caowei/Documents/Q/Projects/neptune_mp_activity_h5/src/utils/request.js:7:17)
2020-04-11 01:08 +08:00:     at Object.<anonymous> (/Users/caowei/Documents/Q/Projects/neptune_mp_activity_h5/src/utils/request.js:16:13)
2020-04-11 01:08 +08:00:     at Module._compile (internal/modules/cjs/loader.js:1158:30)
2020-04-11 01:08 +08:00:     at loader (/Users/caowei/Documents/Q/Projects/neptune_mp_activity_h5/node_modules/babel-register/lib/node.js:144:5)
2020-04-11 01:08 +08:00:     at Object.require.extensions.<computed> [as .js] (/Users/caowei/Documents/Q/Projects/neptune_mp_activity_h5/node_modules/babel-register/lib/node.js:154:7)
2020-04-11 01:08 +08:00:     at Module.load (internal/modules/cjs/loader.js:1002:32)
2020-04-11 01:08 +08:00:     at Function.Module._load (internal/modules/cjs/loader.js:901:14)
2020-04-11 01:08 +08:00:     at Module.require (internal/modules/cjs/loader.js:1044:19)
2020-04-11 01:08 +08:00:     at Module.Hook._require.Module.require (/Users/caowei/Documents/Q/Projects/neptune_mp_activity_h5/node_modules/require-in-the-middle/index.js:80:39)
2020-04-11 01:08 +08:00:     at require (internal/modules/cjs/helpers.js:77:18)
2020-04-11 01:08 +08:00: ReferenceError: window is not defined
2020-04-11 01:08 +08:00:     at getQueryVariable (/Users/caowei/Documents/Q/Projects/neptune_mp_activity_h5/src/utils/request.js:7:17)
2020-04-11 01:08 +08:00:     at Object.<anonymous> (/Users/caowei/Documents/Q/Projects/neptune_mp_activity_h5/src/utils/request.js:16:13)
2020-04-11 01:08 +08:00:     at Module._compile (internal/modules/cjs/loader.js:1158:30)
2020-04-11 01:08 +08:00:     at loader (/Users/caowei/Documents/Q/Projects/neptune_mp_activity_h5/node_modules/babel-register/lib/node.js:144:5)
2020-04-11 01:08 +08:00:     at Object.require.extensions.<computed> [as .js] (/Users/caowei/Documents/Q/Projects/neptune_mp_activity_h5/node_modules/babel-register/lib/node.js:154:7)
2020-04-11 01:08 +08:00:     at Module.load (internal/modules/cjs/loader.js:1002:32)
2020-04-11 01:08 +08:00:     at Function.Module._load (internal/modules/cjs/loader.js:901:14)
2020-04-11 01:08 +08:00:     at Module.require (internal/modules/cjs/loader.js:1044:19)
2020-04-11 01:08 +08:00:     at Module.Hook._require.Module.require (/Users/caowei/Documents/Q/Projects/neptune_mp_activity_h5/node_modules/require-in-the-middle/index.js:80:39)
2020-04-11 01:08 +08:00:     at require (internal/modules/cjs/helpers.js:77:18)
2020-04-11 01:08 +08:00: ReferenceError: window is not defined
2020-04-11 01:08 +08:00:     at getQueryVariable (/Users/caowei/Documents/Q/Projects/neptune_mp_activity_h5/src/utils/request.js:7:17)
2020-04-11 01:08 +08:00:     at Object.<anonymous> (/Users/caowei/Documents/Q/Projects/neptune_mp_activity_h5/src/utils/request.js:16:13)
2020-04-11 01:08 +08:00:     at Module._compile (internal/modules/cjs/loader.js:1158:30)
2020-04-11 01:08 +08:00:     at loader (/Users/caowei/Documents/Q/Projects/neptune_mp_activity_h5/node_modules/babel-register/lib/node.js:144:5)
2020-04-11 01:08 +08:00:     at Object.require.extensions.<computed> [as .js] (/Users/caowei/Documents/Q/Projects/neptune_mp_activity_h5/node_modules/babel-register/lib/node.js:154:7)
2020-04-11 01:08 +08:00:     at Module.load (internal/modules/cjs/loader.js:1002:32)
2020-04-11 01:08 +08:00:     at Function.Module._load (internal/modules/cjs/loader.js:901:14)
2020-04-11 01:08 +08:00:     at Module.require (internal/modules/cjs/loader.js:1044:19)
2020-04-11 01:08 +08:00:     at Module.Hook._require.Module.require (/Users/caowei/Documents/Q/Projects/neptune_mp_activity_h5/node_modules/require-in-the-middle/index.js:80:39)
2020-04-11 01:08 +08:00:     at require (internal/modules/cjs/helpers.js:77:18)
2020-04-11 01:08 +08:00: ReferenceError: window is not defined
2020-04-11 01:08 +08:00:     at getQueryVariable (/Users/caowei/Documents/Q/Projects/neptune_mp_activity_h5/src/utils/request.js:7:17)
2020-04-11 01:08 +08:00:     at Object.<anonymous> (/Users/caowei/Documents/Q/Projects/neptune_mp_activity_h5/src/utils/request.js:16:13)
2020-04-11 01:08 +08:00:     at Module._compile (internal/modules/cjs/loader.js:1158:30)
2020-04-11 01:08 +08:00:     at loader (/Users/caowei/Documents/Q/Projects/neptune_mp_activity_h5/node_modules/babel-register/lib/node.js:144:5)
2020-04-11 01:08 +08:00:     at Object.require.extensions.<computed> [as .js] (/Users/caowei/Documents/Q/Projects/neptune_mp_activity_h5/node_modules/babel-register/lib/node.js:154:7)
2020-04-11 01:08 +08:00:     at Module.load (internal/modules/cjs/loader.js:1002:32)
2020-04-11 01:08 +08:00:     at Function.Module._load (internal/modules/cjs/loader.js:901:14)
2020-04-11 01:08 +08:00:     at Module.require (internal/modules/cjs/loader.js:1044:19)
2020-04-11 01:08 +08:00:     at Module.Hook._require.Module.require (/Users/caowei/Documents/Q/Projects/neptune_mp_activity_h5/node_modules/require-in-the-middle/index.js:80:39)
2020-04-11 01:08 +08:00:     at require (internal/modules/cjs/helpers.js:77:18)
2020-04-11 01:08 +08:00: ReferenceError: window is not defined
2020-04-11 01:08 +08:00:     at getQueryVariable (/Users/caowei/Documents/Q/Projects/neptune_mp_activity_h5/src/utils/request.js:7:17)
2020-04-11 01:08 +08:00:     at Object.<anonymous> (/Users/caowei/Documents/Q/Projects/neptune_mp_activity_h5/src/utils/request.js:16:13)
2020-04-11 01:08 +08:00:     at Module._compile (internal/modules/cjs/loader.js:1158:30)
2020-04-11 01:08 +08:00:     at loader (/Users/caowei/Documents/Q/Projects/neptune_mp_activity_h5/node_modules/babel-register/lib/node.js:144:5)
2020-04-11 01:08 +08:00:     at Object.require.extensions.<computed> [as .js] (/Users/caowei/Documents/Q/Projects/neptune_mp_activity_h5/node_modules/babel-register/lib/node.js:154:7)
2020-04-11 01:08 +08:00:     at Module.load (internal/modules/cjs/loader.js:1002:32)
2020-04-11 01:08 +08:00:     at Function.Module._load (internal/modules/cjs/loader.js:901:14)
2020-04-11 01:08 +08:00:     at Module.require (internal/modules/cjs/loader.js:1044:19)
2020-04-11 01:08 +08:00:     at Module.Hook._require.Module.require (/Users/caowei/Documents/Q/Projects/neptune_mp_activity_h5/node_modules/require-in-the-middle/index.js:80:39)
2020-04-11 01:08 +08:00:     at require (internal/modules/cjs/helpers.js:77:18)
2020-04-11 01:09 +08:00: ReferenceError: window is not defined
2020-04-11 01:09 +08:00:     at getQueryVariable (/Users/caowei/Documents/Q/Projects/neptune_mp_activity_h5/src/utils/request.js:7:17)
2020-04-11 01:09 +08:00:     at Object.<anonymous> (/Users/caowei/Documents/Q/Projects/neptune_mp_activity_h5/src/utils/request.js:16:13)
2020-04-11 01:09 +08:00:     at Module._compile (internal/modules/cjs/loader.js:1158:30)
2020-04-11 01:09 +08:00:     at loader (/Users/caowei/Documents/Q/Projects/neptune_mp_activity_h5/node_modules/babel-register/lib/node.js:144:5)
2020-04-11 01:09 +08:00:     at Object.require.extensions.<computed> [as .js] (/Users/caowei/Documents/Q/Projects/neptune_mp_activity_h5/node_modules/babel-register/lib/node.js:154:7)
2020-04-11 01:09 +08:00:     at Module.load (internal/modules/cjs/loader.js:1002:32)
2020-04-11 01:09 +08:00:     at Function.Module._load (internal/modules/cjs/loader.js:901:14)
2020-04-11 01:09 +08:00:     at Module.require (internal/modules/cjs/loader.js:1044:19)
2020-04-11 01:09 +08:00:     at Module.Hook._require.Module.require (/Users/caowei/Documents/Q/Projects/neptune_mp_activity_h5/node_modules/require-in-the-middle/index.js:80:39)
2020-04-11 01:09 +08:00:     at require (internal/modules/cjs/helpers.js:77:18)
2020-04-11 01:09 +08:00: ReferenceError: window is not defined
2020-04-11 01:09 +08:00:     at getQueryVariable (/Users/caowei/Documents/Q/Projects/neptune_mp_activity_h5/src/utils/request.js:7:17)
2020-04-11 01:09 +08:00:     at Object.<anonymous> (/Users/caowei/Documents/Q/Projects/neptune_mp_activity_h5/src/utils/request.js:16:13)
2020-04-11 01:09 +08:00:     at Module._compile (internal/modules/cjs/loader.js:1158:30)
2020-04-11 01:09 +08:00:     at loader (/Users/caowei/Documents/Q/Projects/neptune_mp_activity_h5/node_modules/babel-register/lib/node.js:144:5)
2020-04-11 01:09 +08:00:     at Object.require.extensions.<computed> [as .js] (/Users/caowei/Documents/Q/Projects/neptune_mp_activity_h5/node_modules/babel-register/lib/node.js:154:7)
2020-04-11 01:09 +08:00:     at Module.load (internal/modules/cjs/loader.js:1002:32)
2020-04-11 01:09 +08:00:     at Function.Module._load (internal/modules/cjs/loader.js:901:14)
2020-04-11 01:09 +08:00:     at Module.require (internal/modules/cjs/loader.js:1044:19)
2020-04-11 01:09 +08:00:     at Module.Hook._require.Module.require (/Users/caowei/Documents/Q/Projects/neptune_mp_activity_h5/node_modules/require-in-the-middle/index.js:80:39)
2020-04-11 01:09 +08:00:     at require (internal/modules/cjs/helpers.js:77:18)
2020-04-11 01:09 +08:00: ReferenceError: window is not defined
2020-04-11 01:09 +08:00:     at getQueryVariable (/Users/caowei/Documents/Q/Projects/neptune_mp_activity_h5/src/utils/request.js:7:17)
2020-04-11 01:09 +08:00:     at Object.<anonymous> (/Users/caowei/Documents/Q/Projects/neptune_mp_activity_h5/src/utils/request.js:16:13)
2020-04-11 01:09 +08:00:     at Module._compile (internal/modules/cjs/loader.js:1158:30)
2020-04-11 01:09 +08:00:     at loader (/Users/caowei/Documents/Q/Projects/neptune_mp_activity_h5/node_modules/babel-register/lib/node.js:144:5)
2020-04-11 01:09 +08:00:     at Object.require.extensions.<computed> [as .js] (/Users/caowei/Documents/Q/Projects/neptune_mp_activity_h5/node_modules/babel-register/lib/node.js:154:7)
2020-04-11 01:09 +08:00:     at Module.load (internal/modules/cjs/loader.js:1002:32)
2020-04-11 01:09 +08:00:     at Function.Module._load (internal/modules/cjs/loader.js:901:14)
2020-04-11 01:09 +08:00:     at Module.require (internal/modules/cjs/loader.js:1044:19)
2020-04-11 01:09 +08:00:     at Module.Hook._require.Module.require (/Users/caowei/Documents/Q/Projects/neptune_mp_activity_h5/node_modules/require-in-the-middle/index.js:80:39)
2020-04-11 01:09 +08:00:     at require (internal/modules/cjs/helpers.js:77:18)
2020-04-11 01:09 +08:00: ReferenceError: window is not defined
2020-04-11 01:09 +08:00:     at getQueryVariable (/Users/caowei/Documents/Q/Projects/neptune_mp_activity_h5/src/utils/request.js:7:17)
2020-04-11 01:09 +08:00:     at Object.<anonymous> (/Users/caowei/Documents/Q/Projects/neptune_mp_activity_h5/src/utils/request.js:16:13)
2020-04-11 01:09 +08:00:     at Module._compile (internal/modules/cjs/loader.js:1158:30)
2020-04-11 01:09 +08:00:     at loader (/Users/caowei/Documents/Q/Projects/neptune_mp_activity_h5/node_modules/babel-register/lib/node.js:144:5)
2020-04-11 01:09 +08:00:     at Object.require.extensions.<computed> [as .js] (/Users/caowei/Documents/Q/Projects/neptune_mp_activity_h5/node_modules/babel-register/lib/node.js:154:7)
2020-04-11 01:09 +08:00:     at Module.load (internal/modules/cjs/loader.js:1002:32)
2020-04-11 01:09 +08:00:     at Function.Module._load (internal/modules/cjs/loader.js:901:14)
2020-04-11 01:09 +08:00:     at Module.require (internal/modules/cjs/loader.js:1044:19)
2020-04-11 01:09 +08:00:     at Module.Hook._require.Module.require (/Users/caowei/Documents/Q/Projects/neptune_mp_activity_h5/node_modules/require-in-the-middle/index.js:80:39)
2020-04-11 01:09 +08:00:     at require (internal/modules/cjs/helpers.js:77:18)
2020-04-11 01:09 +08:00: ReferenceError: window is not defined
2020-04-11 01:09 +08:00:     at getQueryVariable (/Users/caowei/Documents/Q/Projects/neptune_mp_activity_h5/src/utils/request.js:7:17)
2020-04-11 01:09 +08:00:     at Object.<anonymous> (/Users/caowei/Documents/Q/Projects/neptune_mp_activity_h5/src/utils/request.js:16:13)
2020-04-11 01:09 +08:00:     at Module._compile (internal/modules/cjs/loader.js:1158:30)
2020-04-11 01:09 +08:00:     at loader (/Users/caowei/Documents/Q/Projects/neptune_mp_activity_h5/node_modules/babel-register/lib/node.js:144:5)
2020-04-11 01:09 +08:00:     at Object.require.extensions.<computed> [as .js] (/Users/caowei/Documents/Q/Projects/neptune_mp_activity_h5/node_modules/babel-register/lib/node.js:154:7)
2020-04-11 01:09 +08:00:     at Module.load (internal/modules/cjs/loader.js:1002:32)
2020-04-11 01:09 +08:00:     at Function.Module._load (internal/modules/cjs/loader.js:901:14)
2020-04-11 01:09 +08:00:     at Module.require (internal/modules/cjs/loader.js:1044:19)
2020-04-11 01:09 +08:00:     at Module.Hook._require.Module.require (/Users/caowei/Documents/Q/Projects/neptune_mp_activity_h5/node_modules/require-in-the-middle/index.js:80:39)
2020-04-11 01:09 +08:00:     at require (internal/modules/cjs/helpers.js:77:18)
2020-04-11 01:09 +08:00: ReferenceError: window is not defined
2020-04-11 01:09 +08:00:     at getQueryVariable (/Users/caowei/Documents/Q/Projects/neptune_mp_activity_h5/src/utils/request.js:7:17)
2020-04-11 01:09 +08:00:     at Object.<anonymous> (/Users/caowei/Documents/Q/Projects/neptune_mp_activity_h5/src/utils/request.js:16:13)
2020-04-11 01:09 +08:00:     at Module._compile (internal/modules/cjs/loader.js:1158:30)
2020-04-11 01:09 +08:00:     at loader (/Users/caowei/Documents/Q/Projects/neptune_mp_activity_h5/node_modules/babel-register/lib/node.js:144:5)
2020-04-11 01:09 +08:00:     at Object.require.extensions.<computed> [as .js] (/Users/caowei/Documents/Q/Projects/neptune_mp_activity_h5/node_modules/babel-register/lib/node.js:154:7)
2020-04-11 01:09 +08:00:     at Module.load (internal/modules/cjs/loader.js:1002:32)
2020-04-11 01:09 +08:00:     at Function.Module._load (internal/modules/cjs/loader.js:901:14)
2020-04-11 01:09 +08:00:     at Module.require (internal/modules/cjs/loader.js:1044:19)
2020-04-11 01:09 +08:00:     at Module.Hook._require.Module.require (/Users/caowei/Documents/Q/Projects/neptune_mp_activity_h5/node_modules/require-in-the-middle/index.js:80:39)
2020-04-11 01:09 +08:00:     at require (internal/modules/cjs/helpers.js:77:18)
2020-04-11 01:09 +08:00: ReferenceError: window is not defined
2020-04-11 01:09 +08:00:     at getQueryVariable (/Users/caowei/Documents/Q/Projects/neptune_mp_activity_h5/src/utils/request.js:7:17)
2020-04-11 01:09 +08:00:     at Object.<anonymous> (/Users/caowei/Documents/Q/Projects/neptune_mp_activity_h5/src/utils/request.js:16:13)
2020-04-11 01:09 +08:00:     at Module._compile (internal/modules/cjs/loader.js:1158:30)
2020-04-11 01:09 +08:00:     at loader (/Users/caowei/Documents/Q/Projects/neptune_mp_activity_h5/node_modules/babel-register/lib/node.js:144:5)
2020-04-11 01:09 +08:00:     at Object.require.extensions.<computed> [as .js] (/Users/caowei/Documents/Q/Projects/neptune_mp_activity_h5/node_modules/babel-register/lib/node.js:154:7)
2020-04-11 01:09 +08:00:     at Module.load (internal/modules/cjs/loader.js:1002:32)
2020-04-11 01:09 +08:00:     at Function.Module._load (internal/modules/cjs/loader.js:901:14)
2020-04-11 01:09 +08:00:     at Module.require (internal/modules/cjs/loader.js:1044:19)
2020-04-11 01:09 +08:00:     at Module.Hook._require.Module.require (/Users/caowei/Documents/Q/Projects/neptune_mp_activity_h5/node_modules/require-in-the-middle/index.js:80:39)
2020-04-11 01:09 +08:00:     at require (internal/modules/cjs/helpers.js:77:18)
2020-04-11 01:09 +08:00: ReferenceError: window is not defined
2020-04-11 01:09 +08:00:     at getQueryVariable (/Users/caowei/Documents/Q/Projects/neptune_mp_activity_h5/src/utils/request.js:7:17)
2020-04-11 01:09 +08:00:     at Object.<anonymous> (/Users/caowei/Documents/Q/Projects/neptune_mp_activity_h5/src/utils/request.js:16:13)
2020-04-11 01:09 +08:00:     at Module._compile (internal/modules/cjs/loader.js:1158:30)
2020-04-11 01:09 +08:00:     at loader (/Users/caowei/Documents/Q/Projects/neptune_mp_activity_h5/node_modules/babel-register/lib/node.js:144:5)
2020-04-11 01:09 +08:00:     at Object.require.extensions.<computed> [as .js] (/Users/caowei/Documents/Q/Projects/neptune_mp_activity_h5/node_modules/babel-register/lib/node.js:154:7)
2020-04-11 01:09 +08:00:     at Module.load (internal/modules/cjs/loader.js:1002:32)
2020-04-11 01:09 +08:00:     at Function.Module._load (internal/modules/cjs/loader.js:901:14)
2020-04-11 01:09 +08:00:     at Module.require (internal/modules/cjs/loader.js:1044:19)
2020-04-11 01:09 +08:00:     at Module.Hook._require.Module.require (/Users/caowei/Documents/Q/Projects/neptune_mp_activity_h5/node_modules/require-in-the-middle/index.js:80:39)
2020-04-11 01:09 +08:00:     at require (internal/modules/cjs/helpers.js:77:18)
2020-04-11 01:09 +08:00: ReferenceError: window is not defined
2020-04-11 01:09 +08:00:     at getQueryVariable (/Users/caowei/Documents/Q/Projects/neptune_mp_activity_h5/src/utils/request.js:7:17)
2020-04-11 01:09 +08:00:     at Object.<anonymous> (/Users/caowei/Documents/Q/Projects/neptune_mp_activity_h5/src/utils/request.js:16:13)
2020-04-11 01:09 +08:00:     at Module._compile (internal/modules/cjs/loader.js:1158:30)
2020-04-11 01:09 +08:00:     at loader (/Users/caowei/Documents/Q/Projects/neptune_mp_activity_h5/node_modules/babel-register/lib/node.js:144:5)
2020-04-11 01:09 +08:00:     at Object.require.extensions.<computed> [as .js] (/Users/caowei/Documents/Q/Projects/neptune_mp_activity_h5/node_modules/babel-register/lib/node.js:154:7)
2020-04-11 01:09 +08:00:     at Module.load (internal/modules/cjs/loader.js:1002:32)
2020-04-11 01:09 +08:00:     at Function.Module._load (internal/modules/cjs/loader.js:901:14)
2020-04-11 01:09 +08:00:     at Module.require (internal/modules/cjs/loader.js:1044:19)
2020-04-11 01:09 +08:00:     at Module.Hook._require.Module.require (/Users/caowei/Documents/Q/Projects/neptune_mp_activity_h5/node_modules/require-in-the-middle/index.js:80:39)
2020-04-11 01:09 +08:00:     at require (internal/modules/cjs/helpers.js:77:18)
2020-04-11 01:09 +08:00: ReferenceError: window is not defined
2020-04-11 01:09 +08:00:     at getQueryVariable (/Users/caowei/Documents/Q/Projects/neptune_mp_activity_h5/src/utils/request.js:7:17)
2020-04-11 01:09 +08:00:     at Object.<anonymous> (/Users/caowei/Documents/Q/Projects/neptune_mp_activity_h5/src/utils/request.js:16:13)
2020-04-11 01:09 +08:00:     at Module._compile (internal/modules/cjs/loader.js:1158:30)
2020-04-11 01:09 +08:00:     at loader (/Users/caowei/Documents/Q/Projects/neptune_mp_activity_h5/node_modules/babel-register/lib/node.js:144:5)
2020-04-11 01:09 +08:00:     at Object.require.extensions.<computed> [as .js] (/Users/caowei/Documents/Q/Projects/neptune_mp_activity_h5/node_modules/babel-register/lib/node.js:154:7)
2020-04-11 01:09 +08:00:     at Module.load (internal/modules/cjs/loader.js:1002:32)
2020-04-11 01:09 +08:00:     at Function.Module._load (internal/modules/cjs/loader.js:901:14)
2020-04-11 01:09 +08:00:     at Module.require (internal/modules/cjs/loader.js:1044:19)
2020-04-11 01:09 +08:00:     at Module.Hook._require.Module.require (/Users/caowei/Documents/Q/Projects/neptune_mp_activity_h5/node_modules/require-in-the-middle/index.js:80:39)
2020-04-11 01:09 +08:00:     at require (internal/modules/cjs/helpers.js:77:18)
2020-04-11 01:09 +08:00: ReferenceError: window is not defined
2020-04-11 01:09 +08:00:     at getQueryVariable (/Users/caowei/Documents/Q/Projects/neptune_mp_activity_h5/src/utils/request.js:7:17)
2020-04-11 01:09 +08:00:     at Object.<anonymous> (/Users/caowei/Documents/Q/Projects/neptune_mp_activity_h5/src/utils/request.js:16:13)
2020-04-11 01:09 +08:00:     at Module._compile (internal/modules/cjs/loader.js:1158:30)
2020-04-11 01:09 +08:00:     at loader (/Users/caowei/Documents/Q/Projects/neptune_mp_activity_h5/node_modules/babel-register/lib/node.js:144:5)
2020-04-11 01:09 +08:00:     at Object.require.extensions.<computed> [as .js] (/Users/caowei/Documents/Q/Projects/neptune_mp_activity_h5/node_modules/babel-register/lib/node.js:154:7)
2020-04-11 01:09 +08:00:     at Module.load (internal/modules/cjs/loader.js:1002:32)
2020-04-11 01:09 +08:00:     at Function.Module._load (internal/modules/cjs/loader.js:901:14)
2020-04-11 01:09 +08:00:     at Module.require (internal/modules/cjs/loader.js:1044:19)
2020-04-11 01:09 +08:00:     at Module.Hook._require.Module.require (/Users/caowei/Documents/Q/Projects/neptune_mp_activity_h5/node_modules/require-in-the-middle/index.js:80:39)
2020-04-11 01:09 +08:00:     at require (internal/modules/cjs/helpers.js:77:18)
2020-04-11 01:09 +08:00: ReferenceError: window is not defined
2020-04-11 01:09 +08:00:     at getQueryVariable (/Users/caowei/Documents/Q/Projects/neptune_mp_activity_h5/src/utils/request.js:7:17)
2020-04-11 01:09 +08:00:     at Object.<anonymous> (/Users/caowei/Documents/Q/Projects/neptune_mp_activity_h5/src/utils/request.js:16:13)
2020-04-11 01:09 +08:00:     at Module._compile (internal/modules/cjs/loader.js:1158:30)
2020-04-11 01:09 +08:00:     at loader (/Users/caowei/Documents/Q/Projects/neptune_mp_activity_h5/node_modules/babel-register/lib/node.js:144:5)
2020-04-11 01:09 +08:00:     at Object.require.extensions.<computed> [as .js] (/Users/caowei/Documents/Q/Projects/neptune_mp_activity_h5/node_modules/babel-register/lib/node.js:154:7)
2020-04-11 01:09 +08:00:     at Module.load (internal/modules/cjs/loader.js:1002:32)
2020-04-11 01:09 +08:00:     at Function.Module._load (internal/modules/cjs/loader.js:901:14)
2020-04-11 01:09 +08:00:     at Module.require (internal/modules/cjs/loader.js:1044:19)
2020-04-11 01:09 +08:00:     at Module.Hook._require.Module.require (/Users/caowei/Documents/Q/Projects/neptune_mp_activity_h5/node_modules/require-in-the-middle/index.js:80:39)
2020-04-11 01:09 +08:00:     at require (internal/modules/cjs/helpers.js:77:18)
2020-04-11 01:09 +08:00: ReferenceError: window is not defined
2020-04-11 01:09 +08:00:     at getQueryVariable (/Users/caowei/Documents/Q/Projects/neptune_mp_activity_h5/src/utils/request.js:7:17)
2020-04-11 01:09 +08:00:     at Object.<anonymous> (/Users/caowei/Documents/Q/Projects/neptune_mp_activity_h5/src/utils/request.js:16:13)
2020-04-11 01:09 +08:00:     at Module._compile (internal/modules/cjs/loader.js:1158:30)
2020-04-11 01:09 +08:00:     at loader (/Users/caowei/Documents/Q/Projects/neptune_mp_activity_h5/node_modules/babel-register/lib/node.js:144:5)
2020-04-11 01:09 +08:00:     at Object.require.extensions.<computed> [as .js] (/Users/caowei/Documents/Q/Projects/neptune_mp_activity_h5/node_modules/babel-register/lib/node.js:154:7)
2020-04-11 01:09 +08:00:     at Module.load (internal/modules/cjs/loader.js:1002:32)
2020-04-11 01:09 +08:00:     at Function.Module._load (internal/modules/cjs/loader.js:901:14)
2020-04-11 01:09 +08:00:     at Module.require (internal/modules/cjs/loader.js:1044:19)
2020-04-11 01:09 +08:00:     at Module.Hook._require.Module.require (/Users/caowei/Documents/Q/Projects/neptune_mp_activity_h5/node_modules/require-in-the-middle/index.js:80:39)
2020-04-11 01:09 +08:00:     at require (internal/modules/cjs/helpers.js:77:18)
2020-04-11 01:09 +08:00: ReferenceError: window is not defined
2020-04-11 01:09 +08:00:     at getQueryVariable (/Users/caowei/Documents/Q/Projects/neptune_mp_activity_h5/src/utils/request.js:7:17)
2020-04-11 01:09 +08:00:     at Object.<anonymous> (/Users/caowei/Documents/Q/Projects/neptune_mp_activity_h5/src/utils/request.js:16:13)
2020-04-11 01:09 +08:00:     at Module._compile (internal/modules/cjs/loader.js:1158:30)
2020-04-11 01:09 +08:00:     at loader (/Users/caowei/Documents/Q/Projects/neptune_mp_activity_h5/node_modules/babel-register/lib/node.js:144:5)
2020-04-11 01:09 +08:00:     at Object.require.extensions.<computed> [as .js] (/Users/caowei/Documents/Q/Projects/neptune_mp_activity_h5/node_modules/babel-register/lib/node.js:154:7)
2020-04-11 01:09 +08:00:     at Module.load (internal/modules/cjs/loader.js:1002:32)
2020-04-11 01:09 +08:00:     at Function.Module._load (internal/modules/cjs/loader.js:901:14)
2020-04-11 01:09 +08:00:     at Module.require (internal/modules/cjs/loader.js:1044:19)
2020-04-11 01:09 +08:00:     at Module.Hook._require.Module.require (/Users/caowei/Documents/Q/Projects/neptune_mp_activity_h5/node_modules/require-in-the-middle/index.js:80:39)
2020-04-11 01:09 +08:00:     at require (internal/modules/cjs/helpers.js:77:18)
2020-04-11 01:09 +08:00: ReferenceError: window is not defined
2020-04-11 01:09 +08:00:     at getQueryVariable (/Users/caowei/Documents/Q/Projects/neptune_mp_activity_h5/src/utils/request.js:7:17)
2020-04-11 01:09 +08:00:     at Object.<anonymous> (/Users/caowei/Documents/Q/Projects/neptune_mp_activity_h5/src/utils/request.js:16:13)
2020-04-11 01:09 +08:00:     at Module._compile (internal/modules/cjs/loader.js:1158:30)
2020-04-11 01:09 +08:00:     at loader (/Users/caowei/Documents/Q/Projects/neptune_mp_activity_h5/node_modules/babel-register/lib/node.js:144:5)
2020-04-11 01:09 +08:00:     at Object.require.extensions.<computed> [as .js] (/Users/caowei/Documents/Q/Projects/neptune_mp_activity_h5/node_modules/babel-register/lib/node.js:154:7)
2020-04-11 01:09 +08:00:     at Module.load (internal/modules/cjs/loader.js:1002:32)
2020-04-11 01:09 +08:00:     at Function.Module._load (internal/modules/cjs/loader.js:901:14)
2020-04-11 01:09 +08:00:     at Module.require (internal/modules/cjs/loader.js:1044:19)
2020-04-11 01:09 +08:00:     at Module.Hook._require.Module.require (/Users/caowei/Documents/Q/Projects/neptune_mp_activity_h5/node_modules/require-in-the-middle/index.js:80:39)
2020-04-11 01:09 +08:00:     at require (internal/modules/cjs/helpers.js:77:18)
2020-04-11 01:09 +08:00: ReferenceError: window is not defined
2020-04-11 01:09 +08:00:     at getQueryVariable (/Users/caowei/Documents/Q/Projects/neptune_mp_activity_h5/src/utils/request.js:7:17)
2020-04-11 01:09 +08:00:     at Object.<anonymous> (/Users/caowei/Documents/Q/Projects/neptune_mp_activity_h5/src/utils/request.js:16:13)
2020-04-11 01:09 +08:00:     at Module._compile (internal/modules/cjs/loader.js:1158:30)
2020-04-11 01:09 +08:00:     at loader (/Users/caowei/Documents/Q/Projects/neptune_mp_activity_h5/node_modules/babel-register/lib/node.js:144:5)
2020-04-11 01:09 +08:00:     at Object.require.extensions.<computed> [as .js] (/Users/caowei/Documents/Q/Projects/neptune_mp_activity_h5/node_modules/babel-register/lib/node.js:154:7)
2020-04-11 01:09 +08:00:     at Module.load (internal/modules/cjs/loader.js:1002:32)
2020-04-11 01:09 +08:00:     at Function.Module._load (internal/modules/cjs/loader.js:901:14)
2020-04-11 01:09 +08:00:     at Module.require (internal/modules/cjs/loader.js:1044:19)
2020-04-11 01:09 +08:00:     at Module.Hook._require.Module.require (/Users/caowei/Documents/Q/Projects/neptune_mp_activity_h5/node_modules/require-in-the-middle/index.js:80:39)
2020-04-11 01:09 +08:00:     at require (internal/modules/cjs/helpers.js:77:18)
2020-04-11 01:09 +08:00: ReferenceError: window is not defined
2020-04-11 01:09 +08:00:     at getQueryVariable (/Users/caowei/Documents/Q/Projects/neptune_mp_activity_h5/src/utils/request.js:7:17)
2020-04-11 01:09 +08:00:     at Object.<anonymous> (/Users/caowei/Documents/Q/Projects/neptune_mp_activity_h5/src/utils/request.js:16:13)
2020-04-11 01:09 +08:00:     at Module._compile (internal/modules/cjs/loader.js:1158:30)
2020-04-11 01:09 +08:00:     at loader (/Users/caowei/Documents/Q/Projects/neptune_mp_activity_h5/node_modules/babel-register/lib/node.js:144:5)
2020-04-11 01:09 +08:00:     at Object.require.extensions.<computed> [as .js] (/Users/caowei/Documents/Q/Projects/neptune_mp_activity_h5/node_modules/babel-register/lib/node.js:154:7)
2020-04-11 01:09 +08:00:     at Module.load (internal/modules/cjs/loader.js:1002:32)
2020-04-11 01:09 +08:00:     at Function.Module._load (internal/modules/cjs/loader.js:901:14)
2020-04-11 01:09 +08:00:     at Module.require (internal/modules/cjs/loader.js:1044:19)
2020-04-11 01:09 +08:00:     at Module.Hook._require.Module.require (/Users/caowei/Documents/Q/Projects/neptune_mp_activity_h5/node_modules/require-in-the-middle/index.js:80:39)
2020-04-11 01:09 +08:00:     at require (internal/modules/cjs/helpers.js:77:18)
2020-04-11 01:09 +08:00: ReferenceError: window is not defined
2020-04-11 01:09 +08:00:     at getQueryVariable (/Users/caowei/Documents/Q/Projects/neptune_mp_activity_h5/src/utils/request.js:7:17)
2020-04-11 01:09 +08:00:     at Object.<anonymous> (/Users/caowei/Documents/Q/Projects/neptune_mp_activity_h5/src/utils/request.js:16:13)
2020-04-11 01:09 +08:00:     at Module._compile (internal/modules/cjs/loader.js:1158:30)
2020-04-11 01:09 +08:00:     at loader (/Users/caowei/Documents/Q/Projects/neptune_mp_activity_h5/node_modules/babel-register/lib/node.js:144:5)
2020-04-11 01:09 +08:00:     at Object.require.extensions.<computed> [as .js] (/Users/caowei/Documents/Q/Projects/neptune_mp_activity_h5/node_modules/babel-register/lib/node.js:154:7)
2020-04-11 01:09 +08:00:     at Module.load (internal/modules/cjs/loader.js:1002:32)
2020-04-11 01:09 +08:00:     at Function.Module._load (internal/modules/cjs/loader.js:901:14)
2020-04-11 01:09 +08:00:     at Module.require (internal/modules/cjs/loader.js:1044:19)
2020-04-11 01:09 +08:00:     at Module.Hook._require.Module.require (/Users/caowei/Documents/Q/Projects/neptune_mp_activity_h5/node_modules/require-in-the-middle/index.js:80:39)
2020-04-11 01:09 +08:00:     at require (internal/modules/cjs/helpers.js:77:18)
2020-04-11 01:09 +08:00: ReferenceError: window is not defined
2020-04-11 01:09 +08:00:     at getQueryVariable (/Users/caowei/Documents/Q/Projects/neptune_mp_activity_h5/src/utils/request.js:7:17)
2020-04-11 01:09 +08:00:     at Object.<anonymous> (/Users/caowei/Documents/Q/Projects/neptune_mp_activity_h5/src/utils/request.js:16:13)
2020-04-11 01:09 +08:00:     at Module._compile (internal/modules/cjs/loader.js:1158:30)
2020-04-11 01:09 +08:00:     at loader (/Users/caowei/Documents/Q/Projects/neptune_mp_activity_h5/node_modules/babel-register/lib/node.js:144:5)
2020-04-11 01:09 +08:00:     at Object.require.extensions.<computed> [as .js] (/Users/caowei/Documents/Q/Projects/neptune_mp_activity_h5/node_modules/babel-register/lib/node.js:154:7)
2020-04-11 01:09 +08:00:     at Module.load (internal/modules/cjs/loader.js:1002:32)
2020-04-11 01:09 +08:00:     at Function.Module._load (internal/modules/cjs/loader.js:901:14)
2020-04-11 01:09 +08:00:     at Module.require (internal/modules/cjs/loader.js:1044:19)
2020-04-11 01:09 +08:00:     at Module.Hook._require.Module.require (/Users/caowei/Documents/Q/Projects/neptune_mp_activity_h5/node_modules/require-in-the-middle/index.js:80:39)
2020-04-11 01:09 +08:00:     at require (internal/modules/cjs/helpers.js:77:18)
2020-04-11 01:09 +08:00: ReferenceError: window is not defined
2020-04-11 01:09 +08:00:     at getQueryVariable (/Users/caowei/Documents/Q/Projects/neptune_mp_activity_h5/src/utils/request.js:7:17)
2020-04-11 01:09 +08:00:     at Object.<anonymous> (/Users/caowei/Documents/Q/Projects/neptune_mp_activity_h5/src/utils/request.js:16:13)
2020-04-11 01:09 +08:00:     at Module._compile (internal/modules/cjs/loader.js:1158:30)
2020-04-11 01:09 +08:00:     at loader (/Users/caowei/Documents/Q/Projects/neptune_mp_activity_h5/node_modules/babel-register/lib/node.js:144:5)
2020-04-11 01:09 +08:00:     at Object.require.extensions.<computed> [as .js] (/Users/caowei/Documents/Q/Projects/neptune_mp_activity_h5/node_modules/babel-register/lib/node.js:154:7)
2020-04-11 01:09 +08:00:     at Module.load (internal/modules/cjs/loader.js:1002:32)
2020-04-11 01:09 +08:00:     at Function.Module._load (internal/modules/cjs/loader.js:901:14)
2020-04-11 01:09 +08:00:     at Module.require (internal/modules/cjs/loader.js:1044:19)
2020-04-11 01:09 +08:00:     at Module.Hook._require.Module.require (/Users/caowei/Documents/Q/Projects/neptune_mp_activity_h5/node_modules/require-in-the-middle/index.js:80:39)
2020-04-11 01:09 +08:00:     at require (internal/modules/cjs/helpers.js:77:18)
2020-04-11 01:09 +08:00: ReferenceError: window is not defined
2020-04-11 01:09 +08:00:     at getQueryVariable (/Users/caowei/Documents/Q/Projects/neptune_mp_activity_h5/src/utils/request.js:7:17)
2020-04-11 01:09 +08:00:     at Object.<anonymous> (/Users/caowei/Documents/Q/Projects/neptune_mp_activity_h5/src/utils/request.js:16:13)
2020-04-11 01:09 +08:00:     at Module._compile (internal/modules/cjs/loader.js:1158:30)
2020-04-11 01:09 +08:00:     at loader (/Users/caowei/Documents/Q/Projects/neptune_mp_activity_h5/node_modules/babel-register/lib/node.js:144:5)
2020-04-11 01:09 +08:00:     at Object.require.extensions.<computed> [as .js] (/Users/caowei/Documents/Q/Projects/neptune_mp_activity_h5/node_modules/babel-register/lib/node.js:154:7)
2020-04-11 01:09 +08:00:     at Module.load (internal/modules/cjs/loader.js:1002:32)
2020-04-11 01:09 +08:00:     at Function.Module._load (internal/modules/cjs/loader.js:901:14)
2020-04-11 01:09 +08:00:     at Module.require (internal/modules/cjs/loader.js:1044:19)
2020-04-11 01:09 +08:00:     at Module.Hook._require.Module.require (/Users/caowei/Documents/Q/Projects/neptune_mp_activity_h5/node_modules/require-in-the-middle/index.js:80:39)
2020-04-11 01:09 +08:00:     at require (internal/modules/cjs/helpers.js:77:18)
2020-04-11 01:09 +08:00: ReferenceError: window is not defined
2020-04-11 01:09 +08:00:     at getQueryVariable (/Users/caowei/Documents/Q/Projects/neptune_mp_activity_h5/src/utils/request.js:7:17)
2020-04-11 01:09 +08:00:     at Object.<anonymous> (/Users/caowei/Documents/Q/Projects/neptune_mp_activity_h5/src/utils/request.js:16:13)
2020-04-11 01:09 +08:00:     at Module._compile (internal/modules/cjs/loader.js:1158:30)
2020-04-11 01:09 +08:00:     at loader (/Users/caowei/Documents/Q/Projects/neptune_mp_activity_h5/node_modules/babel-register/lib/node.js:144:5)
2020-04-11 01:09 +08:00:     at Object.require.extensions.<computed> [as .js] (/Users/caowei/Documents/Q/Projects/neptune_mp_activity_h5/node_modules/babel-register/lib/node.js:154:7)
2020-04-11 01:09 +08:00:     at Module.load (internal/modules/cjs/loader.js:1002:32)
2020-04-11 01:09 +08:00:     at Function.Module._load (internal/modules/cjs/loader.js:901:14)
2020-04-11 01:09 +08:00:     at Module.require (internal/modules/cjs/loader.js:1044:19)
2020-04-11 01:09 +08:00:     at Module.Hook._require.Module.require (/Users/caowei/Documents/Q/Projects/neptune_mp_activity_h5/node_modules/require-in-the-middle/index.js:80:39)
2020-04-11 01:09 +08:00:     at require (internal/modules/cjs/helpers.js:77:18)
2020-04-11 01:09 +08:00: ReferenceError: window is not defined
2020-04-11 01:09 +08:00:     at getQueryVariable (/Users/caowei/Documents/Q/Projects/neptune_mp_activity_h5/src/utils/request.js:7:17)
2020-04-11 01:09 +08:00:     at Object.<anonymous> (/Users/caowei/Documents/Q/Projects/neptune_mp_activity_h5/src/utils/request.js:16:13)
2020-04-11 01:09 +08:00:     at Module._compile (internal/modules/cjs/loader.js:1158:30)
2020-04-11 01:09 +08:00:     at loader (/Users/caowei/Documents/Q/Projects/neptune_mp_activity_h5/node_modules/babel-register/lib/node.js:144:5)
2020-04-11 01:09 +08:00:     at Object.require.extensions.<computed> [as .js] (/Users/caowei/Documents/Q/Projects/neptune_mp_activity_h5/node_modules/babel-register/lib/node.js:154:7)
2020-04-11 01:09 +08:00:     at Module.load (internal/modules/cjs/loader.js:1002:32)
2020-04-11 01:09 +08:00:     at Function.Module._load (internal/modules/cjs/loader.js:901:14)
2020-04-11 01:09 +08:00:     at Module.require (internal/modules/cjs/loader.js:1044:19)
2020-04-11 01:09 +08:00:     at Module.Hook._require.Module.require (/Users/caowei/Documents/Q/Projects/neptune_mp_activity_h5/node_modules/require-in-the-middle/index.js:80:39)
2020-04-11 01:09 +08:00:     at require (internal/modules/cjs/helpers.js:77:18)
2020-04-11 01:09 +08:00: ReferenceError: window is not defined
2020-04-11 01:09 +08:00:     at getQueryVariable (/Users/caowei/Documents/Q/Projects/neptune_mp_activity_h5/src/utils/request.js:7:17)
2020-04-11 01:09 +08:00:     at Object.<anonymous> (/Users/caowei/Documents/Q/Projects/neptune_mp_activity_h5/src/utils/request.js:16:13)
2020-04-11 01:09 +08:00:     at Module._compile (internal/modules/cjs/loader.js:1158:30)
2020-04-11 01:09 +08:00:     at loader (/Users/caowei/Documents/Q/Projects/neptune_mp_activity_h5/node_modules/babel-register/lib/node.js:144:5)
2020-04-11 01:09 +08:00:     at Object.require.extensions.<computed> [as .js] (/Users/caowei/Documents/Q/Projects/neptune_mp_activity_h5/node_modules/babel-register/lib/node.js:154:7)
2020-04-11 01:09 +08:00:     at Module.load (internal/modules/cjs/loader.js:1002:32)
2020-04-11 01:09 +08:00:     at Function.Module._load (internal/modules/cjs/loader.js:901:14)
2020-04-11 01:09 +08:00:     at Module.require (internal/modules/cjs/loader.js:1044:19)
2020-04-11 01:09 +08:00:     at Module.Hook._require.Module.require (/Users/caowei/Documents/Q/Projects/neptune_mp_activity_h5/node_modules/require-in-the-middle/index.js:80:39)
2020-04-11 01:09 +08:00:     at require (internal/modules/cjs/helpers.js:77:18)
2020-04-11 01:09 +08:00: ReferenceError: window is not defined
2020-04-11 01:09 +08:00:     at getQueryVariable (/Users/caowei/Documents/Q/Projects/neptune_mp_activity_h5/src/utils/request.js:7:17)
2020-04-11 01:09 +08:00:     at Object.<anonymous> (/Users/caowei/Documents/Q/Projects/neptune_mp_activity_h5/src/utils/request.js:16:13)
2020-04-11 01:09 +08:00:     at Module._compile (internal/modules/cjs/loader.js:1158:30)
2020-04-11 01:09 +08:00:     at loader (/Users/caowei/Documents/Q/Projects/neptune_mp_activity_h5/node_modules/babel-register/lib/node.js:144:5)
2020-04-11 01:09 +08:00:     at Object.require.extensions.<computed> [as .js] (/Users/caowei/Documents/Q/Projects/neptune_mp_activity_h5/node_modules/babel-register/lib/node.js:154:7)
2020-04-11 01:09 +08:00:     at Module.load (internal/modules/cjs/loader.js:1002:32)
2020-04-11 01:09 +08:00:     at Function.Module._load (internal/modules/cjs/loader.js:901:14)
2020-04-11 01:09 +08:00:     at Module.require (internal/modules/cjs/loader.js:1044:19)
2020-04-11 01:09 +08:00:     at Module.Hook._require.Module.require (/Users/caowei/Documents/Q/Projects/neptune_mp_activity_h5/node_modules/require-in-the-middle/index.js:80:39)
2020-04-11 01:09 +08:00:     at require (internal/modules/cjs/helpers.js:77:18)
2020-04-11 01:09 +08:00: ReferenceError: window is not defined
2020-04-11 01:09 +08:00:     at getQueryVariable (/Users/caowei/Documents/Q/Projects/neptune_mp_activity_h5/src/utils/request.js:7:17)
2020-04-11 01:09 +08:00:     at Object.<anonymous> (/Users/caowei/Documents/Q/Projects/neptune_mp_activity_h5/src/utils/request.js:16:13)
2020-04-11 01:09 +08:00:     at Module._compile (internal/modules/cjs/loader.js:1158:30)
2020-04-11 01:09 +08:00:     at loader (/Users/caowei/Documents/Q/Projects/neptune_mp_activity_h5/node_modules/babel-register/lib/node.js:144:5)
2020-04-11 01:09 +08:00:     at Object.require.extensions.<computed> [as .js] (/Users/caowei/Documents/Q/Projects/neptune_mp_activity_h5/node_modules/babel-register/lib/node.js:154:7)
2020-04-11 01:09 +08:00:     at Module.load (internal/modules/cjs/loader.js:1002:32)
2020-04-11 01:09 +08:00:     at Function.Module._load (internal/modules/cjs/loader.js:901:14)
2020-04-11 01:09 +08:00:     at Module.require (internal/modules/cjs/loader.js:1044:19)
2020-04-11 01:09 +08:00:     at Module.Hook._require.Module.require (/Users/caowei/Documents/Q/Projects/neptune_mp_activity_h5/node_modules/require-in-the-middle/index.js:80:39)
2020-04-11 01:09 +08:00:     at require (internal/modules/cjs/helpers.js:77:18)
2020-04-11 01:09 +08:00: ReferenceError: window is not defined
2020-04-11 01:09 +08:00:     at getQueryVariable (/Users/caowei/Documents/Q/Projects/neptune_mp_activity_h5/src/utils/request.js:7:17)
2020-04-11 01:09 +08:00:     at Object.<anonymous> (/Users/caowei/Documents/Q/Projects/neptune_mp_activity_h5/src/utils/request.js:16:13)
2020-04-11 01:09 +08:00:     at Module._compile (internal/modules/cjs/loader.js:1158:30)
2020-04-11 01:09 +08:00:     at loader (/Users/caowei/Documents/Q/Projects/neptune_mp_activity_h5/node_modules/babel-register/lib/node.js:144:5)
2020-04-11 01:09 +08:00:     at Object.require.extensions.<computed> [as .js] (/Users/caowei/Documents/Q/Projects/neptune_mp_activity_h5/node_modules/babel-register/lib/node.js:154:7)
2020-04-11 01:09 +08:00:     at Module.load (internal/modules/cjs/loader.js:1002:32)
2020-04-11 01:09 +08:00:     at Function.Module._load (internal/modules/cjs/loader.js:901:14)
2020-04-11 01:09 +08:00:     at Module.require (internal/modules/cjs/loader.js:1044:19)
2020-04-11 01:09 +08:00:     at Module.Hook._require.Module.require (/Users/caowei/Documents/Q/Projects/neptune_mp_activity_h5/node_modules/require-in-the-middle/index.js:80:39)
2020-04-11 01:09 +08:00:     at require (internal/modules/cjs/helpers.js:77:18)
2020-04-11 01:09 +08:00: ReferenceError: window is not defined
2020-04-11 01:09 +08:00:     at getQueryVariable (/Users/caowei/Documents/Q/Projects/neptune_mp_activity_h5/src/utils/request.js:7:17)
2020-04-11 01:09 +08:00:     at Object.<anonymous> (/Users/caowei/Documents/Q/Projects/neptune_mp_activity_h5/src/utils/request.js:16:13)
2020-04-11 01:09 +08:00:     at Module._compile (internal/modules/cjs/loader.js:1158:30)
2020-04-11 01:09 +08:00:     at loader (/Users/caowei/Documents/Q/Projects/neptune_mp_activity_h5/node_modules/babel-register/lib/node.js:144:5)
2020-04-11 01:09 +08:00:     at Object.require.extensions.<computed> [as .js] (/Users/caowei/Documents/Q/Projects/neptune_mp_activity_h5/node_modules/babel-register/lib/node.js:154:7)
2020-04-11 01:09 +08:00:     at Module.load (internal/modules/cjs/loader.js:1002:32)
2020-04-11 01:09 +08:00:     at Function.Module._load (internal/modules/cjs/loader.js:901:14)
2020-04-11 01:09 +08:00:     at Module.require (internal/modules/cjs/loader.js:1044:19)
2020-04-11 01:09 +08:00:     at Module.Hook._require.Module.require (/Users/caowei/Documents/Q/Projects/neptune_mp_activity_h5/node_modules/require-in-the-middle/index.js:80:39)
2020-04-11 01:09 +08:00:     at require (internal/modules/cjs/helpers.js:77:18)
